Build started 4/28/2017 3:04:01 PM.
     1>Project "E:\CCE Sophomore\PT-CMPN103\PT-Project.vcxproj" on node 2 (Build target(s)).
     1>ClCompile:
         C:\Program Files (x86)\Microsoft Visual Studio 11.0\VC\bin\CL.exe /c /ZI /nologo /W3 /WX- /Od /Oy- /D WIN32 /D _DEBUG /D _CONSOLE /D _VC80_UPGRADE=0x0600 /D _MBCS /Gm /EHsc /RTC1 /MTd /GS /fp:precise /Zc:wchar_t /Zc:forScope /Fo".\Debug/" /Fd".\Debug/vc110.pdb" /FR".\Debug\\" /Gd /TP /analyze- /errorReport:prompt Actions\AddRectAction.cpp AddCircleAction.cpp AddTrianAction.cpp ApplicationManager.cpp CCircle.cpp CTriangle.cpp Copy.cpp Figures\CFigure.cpp Figures\CRectangle.cpp main.cpp
         CFigure.cpp
         CCircle.cpp
         ApplicationManager.cpp
         AddCircleAction.cpp
         Generating Code...
         Skipping... (no relevant changes detected)
         main.cpp
         CRectangle.cpp
         Copy.cpp
         CTriangle.cpp
         AddTrianAction.cpp
         AddRectAction.cpp
       Link:
         C:\Program Files (x86)\Microsoft Visual Studio 11.0\VC\bin\link.exe /ERRORREPORT:PROMPT /OUT:".\Debug/PT Project.exe" /INCREMENTAL /NOLOGO odbc32.lib odbccp32.lib winmm.lib kernel32.lib user32.lib gdi32.lib winspool.lib comdlg32.lib advapi32.lib shell32.lib ole32.lib oleaut32.lib uuid.lib odbc32.lib odbccp32.lib /MANIFEST /MANIFESTUAC:"level='asInvoker' uiAccess='false'" /manifest:embed /DEBUG /PDB:".\Debug/PT Project.pdb" /SUBSYSTEM:CONSOLE /TLBID:1 /DYNAMICBASE /NXCOMPAT /IMPLIB:".\Debug\PT Project.lib" /MACHINE:X86 /SAFESEH .\Debug/AddCircleAction.obj
         .\Debug/AddTrianAction.obj
         .\Debug/CCircle.obj
         .\Debug/auxil.obj
         .\Debug/CMUgraphics.obj
         .\Debug/image.obj
         .\Debug/jpegload.obj
         .\Debug/keyqueue.obj
         .\Debug/mousequeue.obj
         .\Debug/windowinput.obj
         .\Debug/jcomapi.obj
         .\Debug/jcparam.obj
         .\Debug/jdapimin.obj
         .\Debug/jdapistd.obj
         .\Debug/jdatasrc.obj
         .\Debug/jdcoefct.obj
         .\Debug/jdcolor.obj
         .\Debug/jddctmgr.obj
         .\Debug/jdhuff.obj
         .\Debug/jdinput.obj
         .\Debug/jdmainct.obj
         .\Debug/jdmarker.obj
         .\Debug/jdmaster.obj
         .\Debug/jdmerge.obj
         .\Debug/jdphuff.obj
         .\Debug/jdpostct.obj
         .\Debug/jdsample.obj
         .\Debug/jdtrans.obj
         .\Debug/jerror.obj
         .\Debug/jidctflt.obj
         .\Debug/jidctfst.obj
         .\Debug/jidctint.obj
         .\Debug/jidctred.obj
         .\Debug/jmemmgr.obj
         .\Debug/jmemnobs.obj
         .\Debug/jquant1.obj
         .\Debug/jquant2.obj
         .\Debug/jutils.obj
         .\Debug/Copy.obj
         .\Debug/CTriangle.obj
         .\Debug/CFigure.obj
         .\Debug/CRectangle.obj
         .\Debug/AddRectAction.obj
         .\Debug/Input.obj
         .\Debug/Output.obj
         .\Debug/ApplicationManager.obj
         .\Debug/main.obj
         PT-Project.vcxproj -> E:\CCE Sophomore\PT-CMPN103\.\Debug\PT Project.exe
       BscMake:
         C:\Program Files (x86)\Microsoft Visual Studio 11.0\VC\bin\bscmake.exe /nologo /o".\Debug/PT Project.bsc" .\Debug\AddCircleAction.sbr .\Debug\AddTrianAction.sbr .\Debug\CCircle.sbr .\Debug\auxil.sbr .\Debug\CMUgraphics.sbr .\Debug\image.sbr .\Debug\jpegload.sbr .\Debug\keyqueue.sbr .\Debug\mousequeue.sbr .\Debug\windowinput.sbr .\Debug\jcomapi.sbr .\Debug\jcparam.sbr .\Debug\jdapimin.sbr .\Debug\jdapistd.sbr .\Debug\jdatasrc.sbr .\Debug\jdcoefct.sbr .\Debug\jdcolor.sbr .\Debug\jddctmgr.sbr .\Debug\jdhuff.sbr .\Debug\jdinput.sbr .\Debug\jdmainct.sbr .\Debug\jdmarker.sbr .\Debug\jdmaster.sbr .\Debug\jdmerge.sbr .\Debug\jdphuff.sbr .\Debug\jdpostct.sbr .\Debug\jdsample.sbr .\Debug\jdtrans.sbr .\Debug\jerror.sbr .\Debug\jidctflt.sbr .\Debug\jidctfst.sbr .\Debug\jidctint.sbr .\Debug\jidctred.sbr .\Debug\jmemmgr.sbr .\Debug\jmemnobs.sbr .\Debug\jquant1.sbr .\Debug\jquant2.sbr .\Debug\jutils.sbr .\Debug\Copy.sbr .\Debug\CTriangle.sbr .\Debug\CFigure.sbr .\Debug\CRectangle.sbr .\Debug\AddRectAction.sbr .\Debug\Input.sbr .\Debug\Output.sbr .\Debug\ApplicationManager.sbr .\Debug\main.sbr
     1>Done Building Project "E:\CCE Sophomore\PT-CMPN103\PT-Project.vcxproj" (Build target(s)).

Build succeeded.

Time Elapsed 00:00:07.52
